70:Nov 06 16:43:13 willx86 build[3038929]: 2025/11/06 16:43:13 INFO New message saved from=will content=asdasd
99:Nov 06 16:57:42 willx86 build[3040149]: 2025/11/06 16:57:42 INFO New message saved from=will content=asd
114:Nov 06 17:01:12 willx86 build[3040149]: 2025/11/06 17:01:12 INFO New message saved from=will
137:Nov 06 17:02:01 willx86 build[3040149]: 2025/11/06 17:02:01 INFO New message saved from=will
334:Nov 06 17:10:04 willx86 build[3040149]: 2025/11/06 17:10:04 INFO New message saved from=will
384:Nov 06 17:11:25 willx86 build[3040149]: 2025/11/06 17:11:25 INFO New message saved from=will
465:Nov 06 17:13:18 willx86 build[3041735]: 2025/11/06 17:13:18 INFO New message saved from=will
543:Nov 06 17:50:56 willx86 build[3041735]: 2025/11/06 17:50:56 INFO New message saved from=will content=asdasd
571:Nov 09 12:39:05 willx86 build[3041735]: 2025/11/09 12:39:05 INFO New message saved from=will content=Lmfao
824:Nov 09 12:49:14 willx86 build[3220561]: 2025/11/09 12:49:14 INFO New message saved from=meihapps content="do not read."
2308:Nov 09 13:51:27 willx86 build[3220561]: 2025/11/09 13:51:27 INFO New message saved from=will content="Hello priness"
27780:Nov 17 12:45:11 willx86 build[3220561]: 2025/11/17 12:45:11 INFO New message saved from=jo content="help im trapped in a reciept printer"
27781:Nov 17 12:45:37 willx86 build[3220561]: 2025/11/17 12:45:37 INFO New message saved from=jo content=receipt*
35572:Nov 19 13:45:24 willx86 build[3220561]: 2025/11/19 13:45:24 INFO New message saved from=will content=Cheeseburger
37652:Nov 19 18:29:29 willx86 build[3913657]: 2025/11/19 18:29:29 INFO New message saved from=will content=s
117937:Nov 22 19:03:58 willx86 build[3928895]: 2025/11/22 19:03:58 INFO New message saved from=will content=lmfao
656787:Dec 17 12:03:47 willx86 build[3928895]: 2025/12/17 12:03:47 INFO New message saved from=will content="lmfao cloudflare"
696810:Dec 18 16:04:12 willx86 build[1830182]: 2025/12/18 16:04:12 INFO New message saved from=will content=lmfao
1587390:Jan 13 14:44:32 willx86 build[1830182]: 2026/01/13 14:44:32 INFO New message saved from=will content=test
1623627:Jan 14 16:05:12 willx86 build[1830182]: 2026/01/14 16:05:12 INFO New message saved from=gmassadas content=cloudflare
4046802:Mar 26 11:43:36 willx86 build[1830182]: 2026/03/26 11:43:36 INFO New message saved from=will content=sup
4052883:Mar 26 15:58:29 willx86 build[3572]: 2026/03/26 15:58:29 INFO New message saved from=rubemviscard.neto content=Hey
4053399:Mar 26 16:20:12 willx86 build[3572]: 2026/03/26 16:20:12 INFO New message saved from=zbm content="yo this is dope"
4054513:Mar 26 17:06:57 willx86 build[3572]: 2026/03/26 17:06:57 INFO New message saved from=himanshunimonkar content="Hey Will! I loved this concept of how you have integrated your portfolio into SSH!"
4054843:Mar 26 17:20:52 willx86 build[3572]: 2026/03/26 17:20:52 INFO New message saved from=adhi content="whats up"
4054950:Mar 26 17:24:11 willx86 build[3572]: 2026/03/26 17:24:11 INFO New message saved from=lutianyi content="This is so creative!"
4059111:Mar 26 20:18:22 willx86 build[3572]: 2026/03/26 20:18:22 INFO New message saved from=u0_a316 content=hiii
4059145:Mar 26 20:19:44 willx86 build[3572]: 2026/03/26 20:19:44 INFO New message saved from=itaquito content="Hello o/ ñeñe"
4059315:Mar 26 20:26:43 willx86 build[3572]: 2026/03/26 20:26:43 INFO New message saved from=u0_a316 content=aa
4059468:Mar 26 20:33:08 willx86 build[3572]: 2026/03/26 20:33:08 INFO New message saved from=virx content="Zed is a better editor sorry (not sorry)"
4061422:Mar 26 21:55:00 willx86 build[3572]: 2026/03/26 21:55:00 INFO New message saved from=sno2 content="Can you hear me? (ASCII BEL)"
4083182:Mar 27 13:08:02 willx86 build[3572]: 2026/03/27 13:08:02 INFO New message saved from=will content=hi
